2024-11-09 00:56:00.490 [info] Log level: Info
2024-11-09 00:56:00.490 [info] Validating found git in: "git"
2024-11-09 00:56:00.490 [info] Using git "2.43.0" from "git"
2024-11-09 00:56:00.490 [info] > git rev-parse --show-toplevel [6ms]
2024-11-09 00:56:00.491 [info] fatal: not a git repository (or any parent up to mount point /)
Stopping at filesystem boundary (GIT_DISCOVERY_ACROSS_FILESYSTEM not set).
2024-11-09 00:56:00.491 [info] > git rev-parse --show-toplevel [2ms]
2024-11-09 00:56:00.491 [info] fatal: not a git repository (or any parent up to mount point /)
Stopping at filesystem boundary (GIT_DISCOVERY_ACROSS_FILESYSTEM not set).
2024-11-09 00:56:00.491 [info] > git rev-parse --show-toplevel [2ms]
2024-11-09 00:56:00.491 [info] fatal: not a git repository (or any parent up to mount point /)
Stopping at filesystem boundary (GIT_DISCOVERY_ACROSS_FILESYSTEM not set).
2024-11-09 00:56:00.491 [info] > git rev-parse --show-toplevel [2348ms]
2024-11-09 00:56:00.491 [info] fatal: not a git repository (or any parent up to mount point /)
Stopping at filesystem boundary (GIT_DISCOVERY_ACROSS_FILESYSTEM not set).
2024-11-09 00:56:00.491 [info] > git rev-parse --show-toplevel [6ms]
2024-11-09 00:56:00.491 [info] fatal: not a git repository (or any parent up to mount point /)
Stopping at filesystem boundary (GIT_DISCOVERY_ACROSS_FILESYSTEM not set).
2024-11-09 00:56:00.492 [info] > git rev-parse --show-toplevel [2ms]
2024-11-09 00:56:00.492 [info] fatal: not a git repository (or any parent up to mount point /)
Stopping at filesystem boundary (GIT_DISCOVERY_ACROSS_FILESYSTEM not set).
2024-11-09 00:56:09.501 [info] > git rev-parse --show-toplevel [4ms]
2024-11-09 00:56:09.501 [info] fatal: not a git repository (or any parent up to mount point /)
Stopping at filesystem boundary (GIT_DISCOVERY_ACROSS_FILESYSTEM not set).
2024-11-09 00:56:23.110 [info] > git rev-parse --show-toplevel [2ms]
2024-11-09 00:56:23.110 [info] fatal: not a git repository (or any parent up to mount point /)
Stopping at filesystem boundary (GIT_DISCOVERY_ACROSS_FILESYSTEM not set).
2024-11-09 00:56:23.128 [info] > git rev-parse --show-toplevel [2ms]
2024-11-09 00:56:23.128 [info] fatal: not a git repository (or any parent up to mount point /)
Stopping at filesystem boundary (GIT_DISCOVERY_ACROSS_FILESYSTEM not set).
2024-11-09 00:57:29.342 [info] > git init -b main [22ms]
2024-11-09 00:57:29.359 [info] > git rev-parse --show-toplevel [2ms]
2024-11-09 00:57:29.378 [info] > git rev-parse --git-dir --git-common-dir [2ms]
2024-11-09 00:57:29.394 [info] Open repository: /home/itsupport
